********************************

Exception code: C0000005 ACCESS_VIOLATION
Fault address:  69603E00 01:00102E00 C:\FEB_2011\system32\nvoglnt.dll

Registers:
EAX:00000000
EBX:00000001
ECX:00BED380
EDX:FF652A40
ESI:00000000
EDI:FF412C80
CS:EIP:001B:69603E00
SS:ESP:0023:014BFF2C  EBP:00BED380
DS:0023  ES:0023  FS:003B  GS:0000
Flags:00010282

Call stack:
Address   Frame     Logical addr  Module
69603E00  00BED380  0001:00102E00 C:\FEB_2011\system32\nvoglnt.dll
00B70EE8  00BF04BC  0000:00000000 
********************************

Exception code: C0000005 ACCESS_VIOLATION
Fault address:  69603E00 01:00102E00 C:\FEB_2011\system32\nvoglnt.dll

Registers:
EAX:00000000
EBX:00000001
ECX:00C226C0
EDX:FF61D600
ESI:00000000
EDI:FF3DD940
CS:EIP:001B:69603E00
SS:ESP:0023:014BFF2C  EBP:00C226C0
DS:0023  ES:0023  FS:003B  GS:0000
Flags:00010286

Call stack:
Address   Frame     Logical addr  Module
69603E00  00C226C0  0001:00102E00 C:\FEB_2011\system32\nvoglnt.dll
********************************

Exception code: C0000005 ACCESS_VIOLATION
Fault address:  69603E00 01:00102E00 C:\FEB_2011\system32\nvoglnt.dll

Registers:
EAX:00000000
EBX:00000001
ECX:01763EC0
EDX:FEACBE10
ESI:00000000
EDI:FE89C140
CS:EIP:001B:69603E00
SS:ESP:0023:0203FF44  EBP:01763EC0
DS:0023  ES:0023  FS:003B  GS:0000
Flags:00010282

Call stack:
Address   Frame     Logical addr  Module
69603E00  01763EC0  0001:00102E00 C:\FEB_2011\system32\nvoglnt.dll
